origin	https://github.com/Kevin-s-Team/DAI-2022-UDP-Orchestra.git (fetch)
origin	https://github.com/Kevin-s-Team/DAI-2022-UDP-Orchestra.git (push)
Starting auditor container "c367a26cbfeace0fa8ce70c5a5f90d660eb9114970c1d4a4ffb465b0195e04fd"
Starting auditor container "acd1db36131a49dc492df17fcb79fc13f78fcf4f9a5dc8a6df5d5c20a82b3e55"
Starting auditor container "2702d24dcfbf2a19399a1582b67566f6314c2f3b356b3fc34111b3ce2ed32b97"
Starting auditor container "464717977b43d999790b163fde8a2453d59440f43b189c580719ac9d8a6c3920"
Starting auditor container "c335415a2548c12f1103911112960b5962311eb9e02807c0e0cf4da5e24b5312"
Starting auditor container "ea27433ad7be666c1ddf947e3f11a4a711315a3cbf1a02b9c7e8090038be12ee"
Starting auditor container "f4688588f616ef399d1e71d371bbd5e13e9c0040e3a08269ef102218df5d67ce"
Starting auditor container "12c2cf267bff433320f6493597f02cbbd05094fb4ee6d97b63b9f5d85a3440db"
Starting auditor container "dc100ab82086b9e4fdc4bd59fbd4d94328a925c789b4380d945896152a0cb3bf"
Starting auditor container "d219e8e969aceb113a83655eb8eaedcc44c49352bce00a4011438a1ff14b2d41"
Starting auditor container "c213ce917598c4c1dc3273baa4979e3a32e2dc2154642fa07dfb583dc680550a"
11 containers have been started.
c367a26cbfeace0fa8ce70c5a5f90d660eb9114970c1d4a4ffb465b0195e04fd : /opt/app/index.js,piano
acd1db36131a49dc492df17fcb79fc13f78fcf4f9a5dc8a6df5d5c20a82b3e55 : /opt/app/index.js,violin
464717977b43d999790b163fde8a2453d59440f43b189c580719ac9d8a6c3920 : /opt/app/index.js,drum
2702d24dcfbf2a19399a1582b67566f6314c2f3b356b3fc34111b3ce2ed32b97 : /opt/app/index.js,trumpet
dc100ab82086b9e4fdc4bd59fbd4d94328a925c789b4380d945896152a0cb3bf : /opt/app/index.js,violin
c335415a2548c12f1103911112960b5962311eb9e02807c0e0cf4da5e24b5312 : /opt/app/index.js,drum
ea27433ad7be666c1ddf947e3f11a4a711315a3cbf1a02b9c7e8090038be12ee : /opt/app/index.js,flute
d219e8e969aceb113a83655eb8eaedcc44c49352bce00a4011438a1ff14b2d41 : /opt/app/index.js,flute
f4688588f616ef399d1e71d371bbd5e13e9c0040e3a08269ef102218df5d67ce : /opt/app/index.js,flute
12c2cf267bff433320f6493597f02cbbd05094fb4ee6d97b63b9f5d85a3440db : /opt/app/index.js,piano
c213ce917598c4c1dc3273baa4979e3a32e2dc2154642fa07dfb583dc680550a : node,/opt/app/index.js
Auditor validation: success: ["drum","drum","flute","flute","flute","piano","piano","trumpet","violin","violin"]
There are 10 musicians, let's kill one
killed 12c2cf267bff433320f6493597f02cbbd05094fb4ee6d97b63b9f5d85a3440db
Auditor validation: success: ["drum","drum","flute","flute","flute","piano","trumpet","violin","violin"]
Scheduling a new test
There are 9 musicians, let's kill one
killed ea27433ad7be666c1ddf947e3f11a4a711315a3cbf1a02b9c7e8090038be12ee
Auditor validation: success: ["drum","drum","flute","flute","piano","trumpet","violin","violin"]
Scheduling a new test
There are 8 musicians, let's kill one
killed c335415a2548c12f1103911112960b5962311eb9e02807c0e0cf4da5e24b5312
Auditor validation: success: ["drum","flute","flute","piano","trumpet","violin","violin"]
Scheduling a new test
There are 7 musicians, let's kill one
killed f4688588f616ef399d1e71d371bbd5e13e9c0040e3a08269ef102218df5d67ce
Auditor validation: success: ["drum","flute","piano","trumpet","violin","violin"]
Scheduling a new test
We have done all tests.
